{"name": "test_mul", "status": "failed", "statusDetails": {"message": "AssertionError: assert (1 * 2) == 3", "trace": "self = <Drivers.locators_ty.alerts_handeling_assignments.assignments_testing.test_file1.TestExample object at 0x00000293730FBD00>\n\n    def test_mul(self):\n>       assert 1*2==3\nE       assert (1 * 2) == 3\n\ntest_file1.py:13: AssertionError"}, "start": 1618415633252, "stop": 1618415633252, "uuid": "4c9ef1db-8b3a-47e3-b743-a0a0f83e6346", "historyId": "a42c65c34f590b12ea1c6d9bc156b3dd", "testCaseId": "cbf84666e20d10de0b762cb0bbf84d45", "fullName": "test_file1.TestExample#test_mul", "labels": [{"name": "suite", "value": "test_file1"}, {"name": "subSuite", "value": "TestExample"}, {"name": "host", "value": "DESKTOP-2QKIU49"}, {"name": "thread", "value": "18324-MainThread"}, {"name": "framework", "value": "pytest"}, {"name": "language", "value": "cpython3"}, {"name": "package", "value": "test_file1"}]}